2020-08-07 17:33:08.790 [main] INFO  com.epoch.EpochAppApiApplication - Starting EpochAppApiApplication on LAPTOP-MKD5QAGB with PID 9564 (D:\北大青鸟\我辈\epoch\epoch-app-api\target\classes started by 86181 in D:\北大青鸟\我辈\epoch)
2020-08-07 17:33:08.793 [main] INFO  com.epoch.EpochAppApiApplication - The following profiles are active: dev
2020-08-07 17:33:09.522 [main] INFO  o.s.d.r.config.RepositoryConfigurationDelegate - Multiple Spring Data modules found, entering strict repository configuration mode!
2020-08-07 17:33:09.525 [main] INFO  o.s.d.r.config.RepositoryConfigurationDelegate - Bootstrapping Spring Data Redis repositories in DEFAULT mode.
2020-08-07 17:33:09.591 [main] INFO  o.s.d.r.config.RepositoryConfigurationDelegate - Finished Spring Data repository scanning in 53ms. Found 0 Redis repository interfaces.
2020-08-07 17:33:09.852 [main] INFO  o.s.c.s.PostProcessorRegistrationDelegate$BeanPostProcessorChecker - Bean 'redisConfiguration' of type [com.epoch.core.configuration.RedisConfiguration$$EnhancerBySpringCGLIB$$4cd1648f] is not eligible for getting processed by all BeanPostProcessors (for example: not eligible for auto-proxying)
2020-08-07 17:33:10.078 [main] INFO  o.s.boot.web.embedded.tomcat.TomcatWebServer - Tomcat initialized with port(s): 8980 (http)
2020-08-07 17:33:10.086 [main] INFO  org.apache.coyote.http11.Http11NioProtocol - Initializing ProtocolHandler ["http-nio-8980"]
2020-08-07 17:33:10.087 [main] INFO  org.apache.catalina.core.StandardService - Starting service [Tomcat]
2020-08-07 17:33:10.087 [main] INFO  org.apache.catalina.core.StandardEngine - Starting Servlet engine: [Apache Tomcat/9.0.36]
2020-08-07 17:33:10.193 [main] INFO  o.a.c.c.C.[Tomcat].[localhost].[/epoch-app-api] - Initializing Spring embedded WebApplicationContext
2020-08-07 17:33:10.193 [main] INFO  o.s.b.w.s.c.ServletWebServerApplicationContext - Root WebApplicationContext: initialization completed in 1341 ms
2020-08-07 17:33:12.083 [main] INFO  com.epoch.util.ConfigUtil - load custom config file is completed：config.properties
2020-08-07 17:33:12.086 [main] INFO  com.epoch.core.configuration.WebMvcConfiguration - register WebMvcConfiguration addInterceptors TokenInterceptor is completed
2020-08-07 17:33:12.455 [main] INFO  org.apache.coyote.http11.Http11NioProtocol - Starting ProtocolHandler ["http-nio-8980"]
2020-08-07 17:33:12.477 [main] INFO  o.s.boot.web.embedded.tomcat.TomcatWebServer - Tomcat started on port(s): 8980 (http) with context path '/epoch-app-api'
2020-08-07 17:33:12.486 [main] INFO  com.epoch.EpochAppApiApplication - Started EpochAppApiApplication in 4.297 seconds (JVM running for 5.908)
2020-08-07 17:39:27.779 [main] INFO  com.epoch.EpochAppApiApplication - Starting EpochAppApiApplication on LAPTOP-MKD5QAGB with PID 11532 (D:\project\after-end\epoch\epoch-app-api\target\classes started by 86181 in D:\project\after-end\epoch)
2020-08-07 17:39:27.782 [main] INFO  com.epoch.EpochAppApiApplication - The following profiles are active: dev
2020-08-07 17:39:28.524 [main] INFO  o.s.d.r.config.RepositoryConfigurationDelegate - Multiple Spring Data modules found, entering strict repository configuration mode!
2020-08-07 17:39:28.528 [main] INFO  o.s.d.r.config.RepositoryConfigurationDelegate - Bootstrapping Spring Data Redis repositories in DEFAULT mode.
2020-08-07 17:39:28.611 [main] INFO  o.s.d.r.config.RepositoryConfigurationDelegate - Finished Spring Data repository scanning in 66ms. Found 0 Redis repository interfaces.
2020-08-07 17:39:28.955 [main] INFO  o.s.c.s.PostProcessorRegistrationDelegate$BeanPostProcessorChecker - Bean 'redisConfiguration' of type [com.epoch.core.configuration.RedisConfiguration$$EnhancerBySpringCGLIB$$b7a36f15] is not eligible for getting processed by all BeanPostProcessors (for example: not eligible for auto-proxying)
2020-08-07 17:39:29.240 [main] INFO  o.s.boot.web.embedded.tomcat.TomcatWebServer - Tomcat initialized with port(s): 8980 (http)
2020-08-07 17:39:29.250 [main] INFO  org.apache.coyote.http11.Http11NioProtocol - Initializing ProtocolHandler ["http-nio-8980"]
2020-08-07 17:39:29.251 [main] INFO  org.apache.catalina.core.StandardService - Starting service [Tomcat]
2020-08-07 17:39:29.251 [main] INFO  org.apache.catalina.core.StandardEngine - Starting Servlet engine: [Apache Tomcat/9.0.36]
2020-08-07 17:39:29.361 [main] INFO  o.a.c.c.C.[Tomcat].[localhost].[/epoch-app-api] - Initializing Spring embedded WebApplicationContext
2020-08-07 17:39:29.362 [main] INFO  o.s.b.w.s.c.ServletWebServerApplicationContext - Root WebApplicationContext: initialization completed in 1513 ms
2020-08-07 17:39:31.421 [main] INFO  com.epoch.util.ConfigUtil - load custom config file is completed：config.properties
2020-08-07 17:39:31.424 [main] INFO  com.epoch.core.configuration.WebMvcConfiguration - register WebMvcConfiguration addInterceptors TokenInterceptor is completed
2020-08-07 17:39:31.784 [main] INFO  org.apache.coyote.http11.Http11NioProtocol - Starting ProtocolHandler ["http-nio-8980"]
2020-08-07 17:39:31.806 [main] INFO  o.s.boot.web.embedded.tomcat.TomcatWebServer - Tomcat started on port(s): 8980 (http) with context path '/epoch-app-api'
2020-08-07 17:39:31.815 [main] INFO  com.epoch.EpochAppApiApplication - Started EpochAppApiApplication in 4.632 seconds (JVM running for 5.669)
